[INFO] Scanning for projects...
[INFO] 
[INFO] ---------------------< org.acme:code-with-quarkus >---------------------
[INFO] Building code-with-quarkus 1.0.0-SNAPSHOT
[INFO]   from pom.xml
[INFO] --------------------------------[ jar ]---------------------------------
[INFO] 
[INFO] --- quarkus:3.30.6:dev (default-cli) @ code-with-quarkus ---
[INFO] Invoking resources:3.3.1:resources (default-resources) @ code-with-quarkus
[INFO] Copying 1 resource from src/main/resources to target/classes
[INFO] Invoking quarkus:3.30.6:generate-code (default) @ code-with-quarkus
[INFO] Invoking compiler:3.14.1:compile (default-compile) @ code-with-quarkus
[INFO] Nothing to compile - all classes are up to date.
[INFO] Invoking resources:3.3.1:testResources (default-testResources) @ code-with-quarkus
[INFO] skip non existing resourceDirectory /home/gurnoor/Warehouse/billi/src/test/resources
[INFO] Invoking quarkus:3.30.6:generate-code-tests (default) @ code-with-quarkus
[INFO] Invoking compiler:3.14.1:testCompile (default-testCompile) @ code-with-quarkus
[INFO] Nothing to compile - all classes are up to date.
Listening for transport dt_socket at address: 5005
Press [e] to edit command line args (currently ''), [h] for more options>
__  ____  __  _____   ___  __ ____  ______ 
 --/ __ \/ / / / _ | / _ \/ //_/ / / / __/ 
 -/ /_/ / /_/ / __ |/ , _/ ,< / /_/ /\ \   
--\___\_\____/_/ |_/_/|_/_/|_|\____/___/   
2026-04-21 01:20:28,946 INFO  [io.quarkus] (Quarkus Main Thread) code-with-quarkus 1.0.0-SNAPSHOT on JVM (powered by Quarkus 3.30.6) started in 4.368s. Listening on: http://localhost:8081
2026-04-21 01:20:28,949 INFO  [io.quarkus] (Quarkus Main Thread) Profile dev activated. Live Coding activated.
2026-04-21 01:20:28,949 INFO  [io.quarkus] (Quarkus Main Thread) Installed features: [amazon-sdk-s3, cdi, compose, mongodb-client, mongodb-panache, narayana-jta, rest, rest-jackson, smallrye-context-propagation, vertx]
2026-04-21 01:20:53,730 INFO  [io.quarkus] (Quarkus Main Thread) code-with-quarkus stopped in 0.022s
