[INFO] Scanning for projects...
[INFO] 
[INFO] ---------------------< org.acme:code-with-quarkus >---------------------
[INFO] Building code-with-quarkus 1.0.0-SNAPSHOT
[INFO]   from pom.xml
[INFO] --------------------------------[ jar ]---------------------------------
[INFO] 
[INFO] --- resources:3.3.1:resources (default-resources) @ code-with-quarkus ---
[INFO] Copying 1 resource from src/main/resources to target/classes
[INFO] 
[INFO] --- quarkus:3.30.6:generate-code (default) @ code-with-quarkus ---
[INFO] 
[INFO] --- compiler:3.14.1:compile (default-compile) @ code-with-quarkus ---
[INFO] Recompiling the module because of added or removed source files.
[INFO] Compiling 17 source files with javac [debug parameters release 21] to target/classes
[INFO] 
[INFO] --- quarkus:3.30.6:run (default-cli) @ code-with-quarkus ---
[INFO] [io.quarkus.deployment.QuarkusAugmentor] Quarkus augmentation completed in 2847ms
[INFO] Executing "/home/gurnoor/.sdkman/candidates/java/21.0.2-open/bin/java -Dquarkus.platform.version=3.30.6 -Dquarkus.application.version=1.0.0-SNAPSHOT -Dquarkus.platform.artifact-id=quarkus-bom -Dquarkus.platform.group-id=io.quarkus.platform -Dquarkus.application.name=code-with-quarkus -jar /home/gurnoor/Warehouse/billi/target/quarkus-app/quarkus-run.jar"
Error: Unable to access jarfile /home/gurnoor/Warehouse/billi/target/quarkus-app/quarkus-run.jar
[INFO] ------------------------------------------------------------------------
[INFO] BUILD FAILURE
[INFO] ------------------------------------------------------------------------
[INFO] Total time:  9.741 s
[INFO] Finished at: 2026-04-21T01:21:43+05:30
[INFO] ------------------------------------------------------------------------
[ERROR] Failed to execute goal io.quarkus.platform:quarkus-maven-plugin:3.30.6:run (default-cli) on project code-with-quarkus: Execution default-cli of goal io.quarkus.platform:quarkus-maven-plugin:3.30.6:run failed: Process exited abnormally (pid 1177065) with exit code 1 with error output:
[ERROR]  > Error: Unable to access jarfile /home/gurnoor/Warehouse/billi/target/quarkus-app/quarkus-run.jar
[ERROR] -> [Help 1]
[ERROR] 
[ERROR] To see the full stack trace of the errors, re-run Maven with the -e switch.
[ERROR] Re-run Maven using the -X switch to enable full debug logging.
[ERROR] 
[ERROR] For more information about the errors and possible solutions, please read the following articles:
[ERROR] [Help 1] http://cwiki.apache.org/confluence/display/MAVEN/PluginExecutionException
